#
# There is insufficient memory for the Java Runtime Environment to continue.
# Native memory allocation (mmap) failed to map 108003328 bytes for Failed to commit area from 0x0000000703c00000 to 0x000000070a300000 of length 108003328.
# Possible reasons:
#   The system is out of physical RAM or swap space
#   The process is running with CompressedOops enabled, and the Java Heap may be blocking the growth of the native heap
# Possible solutions:
#   Reduce memory load on the system
#   Increase physical memory or swap space
#   Check if swap backing store is full
#   Decrease Java heap size (-Xmx/-Xms)
#   Decrease number of Java threads
#   Decrease Java thread stack sizes (-Xss)
#   Set larger code cache with -XX:ReservedCodeCacheSize=
#   JVM is running with Zero Based Compressed Oops mode in which the Java heap is
#     placed in the first 32GB address space. The Java Heap base address is the
#     maximum limit for the native heap growth. Please use -XX:HeapBaseMinAddress
#     to set the Java Heap base and to place the Java Heap above 32GB virtual address.
# This output file may be truncated or incomplete.
#
#  Out of Memory Error (t:/workspace/open/src/hotspot/os/windows/os_windows.cpp:3264), pid=171476, tid=52652
#
# JRE version: Java(TM) SE Runtime Environment (12.0.2+10) (build 12.0.2+10)
# Java VM: Java HotSpot(TM) 64-Bit Server VM (12.0.2+10, mixed mode, sharing, tiered, compressed oops, g1 gc, windows-amd64)
# No core dump will be written. Minidumps are not enabled by default on client versions of Windows
#

---------------  S U M M A R Y ------------

Command Line: -javaagent:D:\Chris\Prog\IntelliJ IDEA Community Edition 2020.3.2\lib\idea_rt.jar=64750:D:\Chris\Prog\IntelliJ IDEA Community Edition 2020.3.2\bin -Dfile.encoding=UTF-8 com.example.tstradeengine.TsTradeEngineApplication

Host: Intel(R) Core(TM) i7-8750H CPU @ 2.20GHz, 12 cores, 15G,  Windows 10 , 64 bit Build 18362 (10.0.18362.1350)
Time: Sat Mar 27 16:29:16 2021 Greenwich Standard Time elapsed time: 5 seconds (0d 0h 0m 5s)

---------------  T H R E A D  ---------------

Current thread (0x000002328fdb8000):  VMThread "VM Thread" [stack: 0x00000046ff000000,0x00000046ff100000] [id=52652]

Stack: [0x00000046ff000000,0x00000046ff100000]
[error occurred during error reporting (printing stack bounds), id 0xc0000005, EXCEPTION_ACCESS_VIOLATION (0xc0000005) at pc=0x0000023280000bad]

Native frames: (J=compiled Java code, j=interpreted, Vv=VM code, C=native code)
V  [jvm.dll+0x63aa2a]
V  [jvm.dll+0x78ce1e]
V  [jvm.dll+0x78e4c1]
V  [jvm.dll+0x78ea75]
V  [jvm.dll+0x78ea2b]
V  [jvm.dll+0x63a134]
V  [jvm.dll+0x63a4f8]
C  [ntdll.dll+0xa1eef]
C  [ntdll.dll+0x6aad9]
C  [ntdll.dll+0xa0b5e]
C  0x0000023280000bad

VM_Operation (0x00000046feafc5c0): G1CollectForAllocation, mode: safepoint, requested by thread 0x00000232eb66f800


---------------  P R O C E S S  ---------------

Threads class SMR info:
_java_thread_list=0x0000023295a80710, length=12, elements={
0x00000232eb66f800, 0x000002328fdbc800, 0x000002328fdbf800, 0x000002328fdd6000,
0x000002328fdd7000, 0x000002328fdd8000, 0x000002328fddb800, 0x000002328fde1000,
0x000002328ff05800, 0x00000232906be000, 0x00000232906c2800, 0x000002329273a800
}

Java Threads: ( => current thread )
  0x00000232eb66f800 JavaThread "main" [_thread_blocked, id=75508, stack(0x00000046fea00000,0x00000046feb00000)]
  0x000002328fdbc800 JavaThread "Reference Handler" daemon [_thread_blocked, id=120768, stack(0x00000046ff100000,0x00000046ff200000)]
  0x000002328fdbf800 JavaThread "Finalizer" daemon [_thread_blocked, id=77552, stack(0x00000046ff200000,0x00000046ff300000)]
  0x000002328fdd6000 JavaThread "Signal Dispatcher" daemon [_thread_blocked, id=145720, stack(0x00000046ff300000,0x00000046ff400000)]
  0x000002328fdd7000 JavaThread "Attach Listener" daemon [_thread_blocked, id=216100, stack(0x00000046ff400000,0x00000046ff500000)]
  0x000002328fdd8000 JavaThread "C2 CompilerThread0" daemon [_thread_blocked, id=5476, stack(0x00000046ff500000,0x00000046ff600000)]
  0x000002328fddb800 JavaThread "C1 CompilerThread0" daemon [_thread_blocked, id=69524, stack(0x00000046ff600000,0x00000046ff700000)]
  0x000002328fde1000 JavaThread "Sweeper thread" daemon [_thread_blocked, id=126340, stack(0x00000046ff700000,0x00000046ff800000)]
  0x000002328ff05800 JavaThread "Common-Cleaner" daemon [_thread_blocked, id=75304, stack(0x00000046ff800000,0x00000046ff900000)]
  0x00000232906be000 JavaThread "Monitor Ctrl-Break" daemon [_thread_in_native, id=130724, stack(0x00000046ffa00000,0x00000046ffb00000)]
  0x00000232906c2800 JavaThread "Service Thread" daemon [_thread_blocked, id=46720, stack(0x00000046ffb00000,0x00000046ffc00000)]
  0x000002329273a800 JavaThread "C2 CompilerThread1" daemon [_thread_blocked, id=130380, stack(0x0000004680500000,0x0000004680600000)]

Other Threads:
=>0x000002328fdb8000 VMThread "VM Thread" [stack: 0x00000046ff000000,0x00000046ff100000] [id=52652]
  0x00000232906c5000 WatcherThread [stack: 0x00000046ffc00000,0x00000046ffd00000] [id=54384]
  0x00000232eb6d6800 GCTaskThread "GC Thread#0" [stack: 0x00000046feb00000,0x00000046fec00000] [id=114052]
  0x00000232919fe800 GCTaskThread "GC Thread#1" [stack: 0x00000046ffe00000,0x00000046fff00000] [id=170000]
  0x0000023290f4e000 GCTaskThread "GC Thread#2" [stack: 0x00000046fff00000,0x0000004700000000] [id=10496]
  0x00000232916eb800 GCTaskThread "GC Thread#3" [stack: 0x0000004680000000,0x0000004680100000] [id=159532]
  0x00000232916ec000 GCTaskThread "GC Thread#4" [stack: 0x0000004680100000,0x0000004680200000] [id=64268]
  0x00000232907a1800 GCTaskThread "GC Thread#5" [stack: 0x0000004680200000,0x0000004680300000] [id=130172]
  0x00000232eb6f0800 ConcurrentGCThread "G1 Main Marker" [stack: 0x00000046fec00000,0x00000046fed00000] [id=141732]
  0x00000232eb6f3800 ConcurrentGCThread "G1 Conc#0" [stack: 0x00000046fed00000,0x00000046fee00000] [id=14172]
  0x0000023292399800 ConcurrentGCThread "G1 Conc#1" [stack: 0x0000004680300000,0x0000004680400000] [id=150624]
  0x0000023291579800 ConcurrentGCThread "G1 Conc#2" [stack: 0x0000004680400000,0x0000004680500000] [id=173536]
  0x000002328f432000 ConcurrentGCThread "G1 Refine#0" [stack: 0x00000046fee00000,0x00000046fef00000] [id=115056]
  0x000002328f433000 ConcurrentGCThread "G1 Young RemSet Sampling" [stack: 0x00000046fef00000,0x00000046ff000000] [id=126316]

Threads with active compile tasks:
C2 CompilerThread0  3644   !   4       java.util.zip.InflaterInputStream::read (138 bytes)
C2 CompilerThread1  3670 % !   4       java.util.jar.Attributes::read @ 244 (526 bytes)

VM state:at safepoint (normal execution)

VM Mutex/Monitor currently owned by a thread:  ([mutex/lock_event])
[0x00000232eb66d610] Threads_lock - owner thread: 0x000002328fdb8000
[0x00000232eb66bc30] Heap_lock - owner thread: 0x00000232eb66f800

Heap address: 0x0000000701400000, size: 4076 MB, Compressed Oops mode: Zero based, Oop shift amount: 3
Narrow klass base: 0x0000000800000000, Narrow klass shift: 3
Compressed class space size: 1073741824 Address: 0x0000000801190000

Heap:
 garbage-first heap   total 156672K, used 17901K [0x0000000701400000, 0x0000000800000000)
  region size 1024K, 3 young (3072K), 3 survivors (3072K)
 Metaspace       used 31032K, capacity 32062K, committed 32304K, reserved 1077248K
  class space    used 3960K, capacity 4354K, committed 4480K, reserved 1048576K
Heap Regions: E=young(eden), S=young(survivor), O=old, HS=humongous(starts), HC=humongous(continues), CS=collection set, F=free, A=archive, TAMS=top-at-mark-start (previous, next)
|   0|0x0000000701400000, 0x0000000701500000, 0x0000000701500000|100%|HS|  |TAMS 0x0000000701500000, 0x0000000701400000| Complete 
|   1|0x0000000701500000, 0x0000000701600000, 0x0000000701600000|100%| O|  |TAMS 0x0000000701600000, 0x0000000701500000| Untracked 
|   2|0x0000000701600000, 0x0000000701700000, 0x0000000701700000|100%| O|  |TAMS 0x0000000701700000, 0x0000000701600000| Untracked 
|   3|0x0000000701700000, 0x0000000701800000, 0x0000000701800000|100%| O|  |TAMS 0x0000000701800000, 0x0000000701700000| Untracked 
|   4|0x0000000701800000, 0x00000007018c2000, 0x0000000701900000| 75%| O|  |TAMS 0x00000007018c2000, 0x0000000701800000| Untracked 
|   5|0x0000000701900000, 0x0000000701a00000, 0x0000000701a00000|100%| O|  |TAMS 0x0000000701900000, 0x0000000701900000| Untracked 
|   6|0x0000000701a00000, 0x0000000701b00000, 0x0000000701b00000|100%| O|  |TAMS 0x0000000701a00000, 0x0000000701a00000| Untracked 
|   7|0x0000000701b00000, 0x0000000701c00000, 0x0000000701c00000|100%| O|  |TAMS 0x0000000701b00000, 0x0000000701b00000| Untracked 
|   8|0x0000000701c00000, 0x0000000701d00000, 0x0000000701d00000|100%| O|  |TAMS 0x0000000701c00000, 0x0000000701c00000| Untracked 
|   9|0x0000000701d00000, 0x0000000701e00000, 0x0000000701e00000|100%| O|  |TAMS 0x0000000701d00000, 0x0000000701d00000| Untracked 
|  10|0x0000000701e00000, 0x0000000701f00000, 0x0000000701f00000|100%| O|  |TAMS 0x0000000701e00000, 0x0000000701e00000| Untracked 
|  11|0x0000000701f00000, 0x0000000702000000, 0x0000000702000000|100%| O|  |TAMS 0x0000000701f00000, 0x0000000701f00000| Untracked 
|  12|0x0000000702000000, 0x0000000702100000, 0x0000000702100000|100%| O|  |TAMS 0x0000000702000000, 0x0000000702000000| Untracked 
|  13|0x0000000702100000, 0x0000000702200000, 0x0000000702200000|100%| O|  |TAMS 0x0000000702100000, 0x0000000702100000| Untracked 
|  14|0x0000000702200000, 0x0000000702300000, 0x0000000702300000|100%| O|  |TAMS 0x0000000702200000, 0x0000000702200000| Untracked 
|  15|0x0000000702300000, 0x000000070237b600, 0x0000000702400000| 48%| O|  |TAMS 0x0000000702300000, 0x0000000702300000| Untracked 
|  16|0x0000000702400000, 0x0000000702400000, 0x0000000702500000|  0%| F|  |TAMS 0x0000000702400000, 0x0000000702400000| Untracked 
|  17|0x0000000702500000, 0x0000000702500000, 0x0000000702600000|  0%| F|  |TAMS 0x0000000702500000, 0x0000000702500000| Untracked 
|  18|0x0000000702600000, 0x0000000702600000, 0x0000000702700000|  0%| F|  |TAMS 0x0000000702600000, 0x0000000702600000| Untracked 
|  19|0x0000000702700000, 0x0000000702700000, 0x0000000702800000|  0%| F|  |TAMS 0x0000000702700000, 0x0000000702700000| Untracked 
|  20|0x0000000702800000, 0x0000000702800000, 0x0000000702900000|  0%| F|  |TAMS 0x0000000702800000, 0x0000000702800000| Untracked 
|  21|0x0000000702900000, 0x0000000702900000, 0x0000000702a00000|  0%| F|  |TAMS 0x0000000702900000, 0x0000000702900000| Untracked 
|  22|0x0000000702a00000, 0x0000000702a00000, 0x0000000702b00000|  0%| F|  |TAMS 0x0000000702a00000, 0x0000000702a00000| Untracked 
|  23|0x0000000702b00000, 0x0000000702b00000, 0x0000000702c00000|  0%| F|  |TAMS 0x0000000702b00000, 0x0000000702b00000| Untracked 
|  24|0x0000000702c00000, 0x0000000702c00000, 0x0000000702d00000|  0%| F|  |TAMS 0x0000000702c00000, 0x0000000702c00000| Untracked 
|  25|0x0000000702d00000, 0x0000000702d00000, 0x0000000702e00000|  0%| F|  |TAMS 0x0000000702d00000, 0x0000000702d00000| Untracked 
|  26|0x0000000702e00000, 0x0000000702e00000, 0x0000000702f00000|  0%| F|  |TAMS 0x0000000702e00000, 0x0000000702e00000| Untracked 
|  27|0x0000000702f00000, 0x0000000702f3de60, 0x0000000703000000| 24%| S|CS|TAMS 0x0000000702f00000, 0x0000000702f00000| Complete 
|  28|0x0000000703000000, 0x0000000703100000, 0x0000000703100000|100%| S|CS|TAMS 0x0000000703000000, 0x0000000703000000| Complete 
|  29|0x0000000703100000, 0x0000000703200000, 0x0000000703200000|100%| S|CS|TAMS 0x0000000703100000, 0x0000000703100000| Complete 
|  30|0x0000000703200000, 0x0000000703200000, 0x0000000703300000|  0%| F|  |TAMS 0x0000000703200000, 0x0000000703200000| Untracked 
|  31|0x0000000703300000, 0x0000000703300000, 0x0000000703400000|  0%| F|  |TAMS 0x0000000703300000, 0x0000000703300000| Untracked 
|  32|0x0000000703400000, 0x0000000703400000, 0x0000000703500000|  0%| F|  |TAMS 0x0000000703400000, 0x0000000703400000| Untracked 
|  33|0x0000000703500000, 0x0000000703500000, 0x0000000703600000|  0%| F|  |TAMS 0x0000000703500000, 0x0000000703500000| Untracked 
|  34|0x0000000703600000, 0x0000000703600000, 0x0000000703700000|  0%| F|  |TAMS 0x0000000703600000, 0x0000000703600000| Untracked 
|  35|0x0000000703700000, 0x0000000703700000, 0x0000000703800000|  0%| F|  |TAMS 0x0000000703700000, 0x0000000703700000| Untracked 
|  36|0x0000000703800000, 0x0000000703800000, 0x0000000703900000|  0%| F|  |TAMS 0x0000000703800000, 0x0000000703800000| Untracked 
|  37|0x0000000703900000, 0x0000000703900000, 0x0000000703a00000|  0%| F|  |TAMS 0x0000000703900000, 0x0000000703900000| Untracked 
|  38|0x0000000703a00000, 0x0000000703a00000, 0x0000000703b00000|  0%| F|  |TAMS 0x0000000703a00000, 0x0000000703a00000| Untracked 
|  39|0x0000000703b00000, 0x0000000703b00000, 0x0000000703c00000|  0%| F|  |TAMS 0x0000000703b00000, 0x0000000703b00000| Untracked 
| 244|0x0000000710800000, 0x0000000710800000, 0x0000000710900000|  0%| F|  |TAMS 0x0000000710800000, 0x0000000710800000| Untracked 
| 245|0x0000000710900000, 0x0000000710900000, 0x0000000710a00000|  0%| F|  |TAMS 0x0000000710900000, 0x0000000710900000| Untracked 
| 246|0x0000000710a00000, 0x0000000710a00000, 0x0000000710b00000|  0%| F|  |TAMS 0x0000000710a00000, 0x0000000710a00000| Untracked 
| 247|0x0000000710b00000, 0x0000000710b00000, 0x0000000710c00000|  0%| F|  |TAMS 0x0000000710b00000, 0x0000000710b00000| Untracked 
| 248|0x0000000710c00000, 0x0000000710c00000, 0x0000000710d00000|  0%| F|  |TAMS 0x0000000710c00000, 0x0000000710c00000| Untracked 
| 249|0x0000000710d00000, 0x0000000710d00000, 0x0000000710e00000|  0%| F|  |TAMS 0x0000000710d00000, 0x0000000710d00000| Untracked 
| 250|0x0000000710e00000, 0x0000000710e00000, 0x0000000710f00000|  0%| F|  |TAMS 0x0000000710e00000, 0x0000000710e00000| Untracked 
| 251|0x0000000710f00000, 0x0000000710f00000, 0x0000000711000000|  0%| F|  |TAMS 0x0000000710f00000, 0x0000000710f00000| Untracked 
| 252|0x0000000711000000, 0x0000000711000000, 0x0000000711100000|  0%| F|  |TAMS 0x0000000711000000, 0x0000000711000000| Untracked 
| 255|0x0000000711300000, 0x0000000711300000, 0x0000000711400000|  0%| F|  |TAMS 0x0000000711300000, 0x0000000711300000| Untracked 

Card table byte_map: [0x00000232f47a0000,0x00000232f4fa0000] _byte_map_base: 0x00000232f0f96000

Marking Bits (Prev, Next): (CMBitMap*) 0x00000232eb6d7a68, (CMBitMap*) 0x00000232eb6d7a28
 Prev Bits: [0x00000232f9750000, 0x00000232fd700000)
 Next Bits: [0x00000232f57a0000, 0x00000232f9750000)

Polling page: 0x00000232eae20000

Metaspace:

Usage:
  Non-class:     27.06 MB capacity,    26.44 MB ( 98%) used,   517.41 KB (  2%) free+waste,   118.31 KB ( <1%) overhead. 
      Class:      4.25 MB capacity,     3.87 MB ( 91%) used,   336.01 KB (  8%) free+waste,    57.56 KB (  1%) overhead. 
       Both:     31.31 MB capacity,    30.31 MB ( 97%) used,   853.41 KB (  3%) free+waste,   175.88 KB ( <1%) overhead. 

Virtual space:
  Non-class space:       28.00 MB reserved,      27.17 MB ( 97%) committed 
      Class space:        1.00 GB reserved,       4.38 MB ( <1%) committed 
             Both:        1.03 GB reserved,      31.55 MB (  3%) committed 

Chunk freelists:
   Non-Class:  6.50 KB
       Class:  0 bytes
        Both:  6.50 KB

CodeHeap 'non-profiled nmethods': size=120000Kb used=1982Kb max_used=1982Kb free=118017Kb
 bounds [0x0000023287ad0000, 0x0000023287d40000, 0x000002328f000000]
CodeHeap 'profiled nmethods': size=120000Kb used=9100Kb max_used=9100Kb free=110899Kb
 bounds [0x00000232805a0000, 0x0000023280e90000, 0x0000023287ad0000]
CodeHeap 'non-nmethods': size=5760Kb used=1165Kb max_used=1243Kb free=4594Kb
 bounds [0x0000023280000000, 0x0000023280270000, 0x00000232805a0000]
 total_blobs=5018 nmethods=3669 adapters=396
 compilation: enabled
              stopped_count=0, restarted_count=0
 full_count=0

Compilation events (10 events):
Event: 5.242 Thread 0x000002328fddb800 3677       3       java.util.zip.ZipInputStream::getNextEntry (74 bytes)
Event: 5.243 Thread 0x000002328fddb800 nmethod 3677 0x0000023280e7d690 code [0x0000023280e7d8e0, 0x0000023280e7e2d0]
Event: 5.243 Thread 0x000002328fddb800 3678       3       java.util.zip.CRC32::reset (6 bytes)
Event: 5.243 Thread 0x000002328fddb800 nmethod 3678 0x0000023280e7e590 code [0x0000023280e7e740, 0x0000023280e7e8b8]
Event: 5.243 Thread 0x000002328fddb800 3679   !   3       java.util.zip.ZipInputStream::readLOC (315 bytes)
Event: 5.245 Thread 0x000002328fddb800 nmethod 3679 0x0000023280e7e990 code [0x0000023280e7ed00, 0x0000023280e808b0]
Event: 5.245 Thread 0x000002328fddb800 3681  s    3       java.io.FileDescriptor::attach (73 bytes)
Event: 5.246 Thread 0x000002328fddb800 nmethod 3681 0x0000023280e81310 code [0x0000023280e815a0, 0x0000023280e82480]
Event: 5.248 Thread 0x000002328fddb800 3682       3       java.util.zip.CRC32::updateBytesCheck (55 bytes)
Event: 5.249 Thread 0x000002328fddb800 nmethod 3682 0x0000023280e82890 code [0x0000023280e82aa0, 0x0000023280e83050]

GC Heap History (10 events):
Event: 2.425 GC heap after
{Heap after GC invocations=3 (full 0):
 garbage-first heap   total 262144K, used 13230K [0x0000000701400000, 0x0000000800000000)
  region size 1024K, 9 young (9216K), 9 survivors (9216K)
 Metaspace       used 20513K, capacity 21175K, committed 21296K, reserved 1069056K
  class space    used 2441K, capacity 2676K, committed 2688K, reserved 1048576K
}
Event: 2.822 GC heap before
{Heap before GC invocations=4 (full 0):
 garbage-first heap   total 51200K, used 29614K [0x0000000701400000, 0x0000000800000000)
  region size 1024K, 25 young (25600K), 9 survivors (9216K)
 Metaspace       used 22240K, capacity 22993K, committed 23216K, reserved 1069056K
  class space    used 2766K, capacity 3070K, committed 3072K, reserved 1048576K
}
Event: 2.834 GC heap after
{Heap after GC invocations=5 (full 0):
 garbage-first heap   total 51200K, used 13926K [0x0000000701400000, 0x0000000800000000)
  region size 1024K, 1 young (1024K), 1 survivors (1024K)
 Metaspace       used 22240K, capacity 22993K, committed 23216K, reserved 1069056K
  class space    used 2766K, capacity 3070K, committed 3072K, reserved 1048576K
}
Event: 3.230 GC heap before
{Heap before GC invocations=5 (full 0):
 garbage-first heap   total 51200K, used 30310K [0x0000000701400000, 0x0000000800000000)
  region size 1024K, 18 young (18432K), 1 survivors (1024K)
 Metaspace       used 24049K, capacity 24903K, committed 25008K, reserved 1071104K
  class space    used 3021K, capacity 3322K, committed 3328K, reserved 1048576K
}
Event: 3.234 GC heap after
{Heap after GC invocations=6 (full 0):
 garbage-first heap   total 51200K, used 14498K [0x0000000701400000, 0x0000000800000000)
  region size 1024K, 2 young (2048K), 2 survivors (2048K)
 Metaspace       used 24049K, capacity 24903K, committed 25008K, reserved 1071104K
  class space    used 3021K, capacity 3322K, committed 3328K, reserved 1048576K
}
Event: 3.595 GC heap before
{Heap before GC invocations=6 (full 0):
 garbage-first heap   total 51200K, used 32930K [0x0000000701400000, 0x0000000800000000)
  region size 1024K, 20 young (20480K), 2 survivors (2048K)
 Metaspace       used 26222K, capacity 27082K, committed 27184K, reserved 1073152K
  class space    used 3323K, capacity 3654K, committed 3712K, reserved 1048576K
}
Event: 3.603 GC heap after
{Heap after GC invocations=7 (full 0):
 garbage-first heap   total 51200K, used 15576K [0x0000000701400000, 0x0000000800000000)
  region size 1024K, 3 young (3072K), 3 survivors (3072K)
 Metaspace       used 26222K, capacity 27082K, committed 27184K, reserved 1073152K
  class space    used 3323K, capacity 3654K, committed 3712K, reserved 1048576K
}
Event: 4.953 GC heap before
{Heap before GC invocations=7 (full 0):
 garbage-first heap   total 51200K, used 34008K [0x0000000701400000, 0x0000000800000000)
  region size 1024K, 21 young (21504K), 3 survivors (3072K)
 Metaspace       used 29132K, capacity 30165K, committed 30256K, reserved 1075200K
  class space    used 3778K, capacity 4150K, committed 4224K, reserved 1048576K
}
Event: 4.962 GC heap after
{Heap after GC invocations=8 (full 0):
 garbage-first heap   total 51200K, used 16982K [0x0000000701400000, 0x0000000800000000)
  region size 1024K, 3 young (3072K), 3 survivors (3072K)
 Metaspace       used 29132K, capacity 30165K, committed 30256K, reserved 1075200K
  class space    used 3778K, capacity 4150K, committed 4224K, reserved 1048576K
}
Event: 5.250 GC heap before
{Heap before GC invocations=8 (full 0):
 garbage-first heap   total 51200K, used 34390K [0x0000000701400000, 0x0000000800000000)
  region size 1024K, 21 young (21504K), 3 survivors (3072K)
 Metaspace       used 31032K, capacity 32062K, committed 32304K, reserved 1077248K
  class space    used 3960K, capacity 4354K, committed 4480K, reserved 1048576K
}

Deoptimization events (10 events):
Event: 4.011 Thread 0x00000232eb66f800 Uncommon trap: reason=unstable_if action=reinterpret pc=0x0000023287b7f254 method=java.util.LinkedHashMap.get(Ljava/lang/Object;)Ljava/lang/Object; @ 20 c2
Event: 4.017 Thread 0x00000232eb66f800 Uncommon trap: reason=unstable_if action=reinterpret pc=0x0000023287b9b94c method=java.util.Properties.loadConvert([CII[C)Ljava/lang/String; @ 57 c2
Event: 5.057 Thread 0x00000232eb66f800 Uncommon trap: reason=unstable_if action=reinterpret pc=0x0000023287caf450 method=java.util.Properties.loadConvert([CII[C)Ljava/lang/String; @ 97 c2
Event: 5.057 Thread 0x00000232eb66f800 Uncommon trap: reason=unstable_if action=reinterpret pc=0x0000023287b7a810 method=java.lang.StringUTF16.compress([CII)[B @ 13 c2
Event: 5.091 Thread 0x00000232eb66f800 Uncommon trap: reason=unstable_if action=reinterpret pc=0x0000023287cb0950 method=java.util.Properties$LineReader.readLine()I @ 284 c2
Event: 5.157 Thread 0x00000232eb66f800 Uncommon trap: reason=null_check action=make_not_entrant pc=0x0000023287b8e82c method=java.net.URL.getURLStreamHandler(Ljava/lang/String;)Ljava/net/URLStreamHandler; @ 7 c2
Event: 5.160 Thread 0x00000232eb66f800 Uncommon trap: reason=class_check action=maybe_recompile pc=0x0000023287bf21fc method=java.util.zip.InflaterInputStream.read([BII)I @ 100 c2
Event: 5.161 Thread 0x00000232eb66f800 Uncommon trap: reason=class_check action=maybe_recompile pc=0x0000023287bf21fc method=java.util.zip.InflaterInputStream.read([BII)I @ 100 c2
Event: 5.163 Thread 0x00000232eb66f800 Uncommon trap: reason=class_check action=maybe_recompile pc=0x0000023287bf21fc method=java.util.zip.InflaterInputStream.read([BII)I @ 100 c2
Event: 5.163 Thread 0x00000232eb66f800 Uncommon trap: reason=class_check action=maybe_recompile pc=0x0000023287bf21fc method=java.util.zip.InflaterInputStream.read([BII)I @ 100 c2

Classes redefined (0 events):
No events

Internal exceptions (10 events):
Event: 3.591 Thread 0x00000232eb66f800 Exception <a 'java/lang/ClassNotFoundException'{0x00000007032e3dc0}: org/springframework/beans/factory/AwareCustomizer> (0x00000007032e3dc0) thrown at [t:/workspace/open/src/hotspot/share/classfile/systemDictionary.cpp, line 235]
Event: 3.666 Thread 0x00000232eb66f800 Exception <a 'java/lang/NoSuchMethodError'{0x0000000710e93998}: java.lang.invoke.DirectMethodHandle$Holder.invokeSpecialIFC(Ljava/lang/Object;Ljava/lang/Object;Ljava/lang/Object;)Ljava/lang/Object;> (0x0000000710e93998) thrown at [t:/workspace/open/src/ho
Event: 3.802 Thread 0x00000232eb66f800 Exception <a 'java/lang/NoSuchMethodError'{0x00000007109db070}: java.lang.invoke.DirectMethodHandle$Holder.invokeSpecial(Ljava/lang/Object;Ljava/lang/Object;Ljava/lang/Object;Ljava/lang/Object;Ljava/lang/Object;)I> (0x00000007109db070) thrown at [t:/works
Event: 3.848 Thread 0x00000232eb66f800 Implicit null exception at 0x0000023287c20217 to 0x0000023287c207fa
Event: 3.901 Thread 0x00000232eb66f800 Exception <a 'java/lang/NoSuchMethodError'{0x0000000703950ad0}: java.lang.invoke.DirectMethodHandle$Holder.invokeInterface(Ljava/lang/Object;Ljava/lang/Object;I)V> (0x0000000703950ad0) thrown at [t:/workspace/open/src/hotspot/share/interpreter/linkResolve
Event: 3.910 Thread 0x00000232eb66f800 Exception <a 'java/lang/IncompatibleClassChangeError'{0x00000007039991b8}: Found class java.lang.Object, but interface was expected> (0x00000007039991b8) thrown at [t:/workspace/open/src/hotspot/share/interpreter/linkResolver.cpp, line 843]
Event: 3.911 Thread 0x00000232eb66f800 Exception <a 'java/lang/NoSuchMethodError'{0x000000070399ddf8}: java.lang.invoke.DirectMethodHandle$Holder.invokeStatic(Ljava/lang/Object;ILjava/lang/Object;)V> (0x000000070399ddf8) thrown at [t:/workspace/open/src/hotspot/share/interpreter/linkResolver.c
Event: 4.064 Thread 0x00000232eb66f800 Exception <a 'java/lang/NoSuchMethodError'{0x00000007034766a8}: java.lang.invoke.DirectMethodHandle$Holder.invokeStaticInit(Ljava/lang/Object;IIII)Ljava/lang/Object;> (0x00000007034766a8) thrown at [t:/workspace/open/src/hotspot/share/interpreter/linkReso
Event: 4.963 Thread 0x00000232eb66f800 Exception <a 'java/lang/NoSuchMethodError'{0x0000000711311fc0}: java.lang.invoke.DirectMethodHandle$Holder.invokeStaticInit(Ljava/lang/Object;Ljava/lang/Object;IIII)Ljava/lang/Object;> (0x0000000711311fc0) thrown at [t:/workspace/open/src/hotspot/share/in
Event: 5.157 Thread 0x00000232eb66f800 Implicit null exception at 0x0000023287b8c934 to 0x0000023287b8e81e

Events (10 events):
Event: 5.162 loading class org/apache/catalina/util/ManifestResource done
Event: 5.163 Thread 0x00000232eb66f800 Uncommon trap: trap_request=0xffffffde fr.pc=0x0000023287bf21fc relative=0x000000000000153c
Event: 5.163 Thread 0x00000232eb66f800 DEOPT PACKING pc=0x0000023287bf21fc sp=0x00000046feafcdd0
Event: 5.163 Thread 0x00000232eb66f800 DEOPT UNPACKING pc=0x0000023280029c2f sp=0x00000046feafce30 mode 2
Event: 5.163 Thread 0x00000232eb66f800 Uncommon trap: trap_request=0xffffffde fr.pc=0x0000023287bf21fc relative=0x000000000000153c
Event: 5.163 Thread 0x00000232eb66f800 DEOPT PACKING pc=0x0000023287bf21fc sp=0x00000046feafcc10
Event: 5.163 Thread 0x00000232eb66f800 DEOPT UNPACKING pc=0x0000023280029c2f sp=0x00000046feafcc70 mode 2
Event: 5.174 loading class org/apache/catalina/util/Extension
Event: 5.174 loading class org/apache/catalina/util/Extension done
Event: 5.250 Executing VM operation: G1CollectForAllocation


Dynamic libraries:
0x00007ff615d90000 - 0x00007ff615d9f000 	C:\Program Files\Java\jdk-12.0.2\bin\java.exe
0x00007ffddbc40000 - 0x00007ffddbe30000 	C:\WINDOWS\SYSTEM32\ntdll.dll
0x00007ffddbb40000 - 0x00007ffddbbf2000 	C:\WINDOWS\System32\KERNEL32.DLL
0x00007ffdd90a0000 - 0x00007ffdd9345000 	C:\WINDOWS\System32\KERNELBASE.dll
0x00007ffdd69a0000 - 0x00007ffdd6a2f000 	C:\WINDOWS\SYSTEM32\apphelp.dll
0x00007ffdd8c80000 - 0x00007ffdd8d7a000 	C:\WINDOWS\System32\ucrtbase.dll
0x00007ffdc17a0000 - 0x00007ffdc17b8000 	C:\Program Files\Java\jdk-12.0.2\bin\jli.dll
0x00007ffdc1950000 - 0x00007ffdc1966000 	C:\Program Files\Java\jdk-12.0.2\bin\VCRUNTIME140.dll
0x00007ffddb7a0000 - 0x00007ffddb843000 	C:\WINDOWS\System32\ADVAPI32.dll
0x00007ffddb560000 - 0x00007ffddb5fe000 	C:\WINDOWS\System32\msvcrt.dll
0x00007ffdda310000 - 0x00007ffdda3a7000 	C:\WINDOWS\System32\sechost.dll
0x00007ffddb110000 - 0x00007ffddb22f000 	C:\WINDOWS\System32\RPCRT4.dll
0x00007ffddb2f0000 - 0x00007ffddb484000 	C:\WINDOWS\System32\USER32.dll
0x00007ffdd9540000 - 0x00007ffdd9561000 	C:\WINDOWS\System32\win32u.dll
0x00007ffddba50000 - 0x00007ffddba76000 	C:\WINDOWS\System32\GDI32.dll
0x00007ffdbd700000 - 0x00007ffdbd984000 	C:\WINDOWS\WinSxS\amd64_microsoft.windows.common-controls_6595b64144ccf1df_6.0.18362.1440_none_9e7dbfb9e45e8e67\COMCTL32.dll
0x00007ffdd8eb0000 - 0x00007ffdd9048000 	C:\WINDOWS\System32\gdi32full.dll
0x00007ffddad70000 - 0x00007ffddb0a6000 	C:\WINDOWS\System32\combase.dll
0x00007ffdd8be0000 - 0x00007ffdd8c7e000 	C:\WINDOWS\System32\msvcp_win.dll
0x00007ffdd9350000 - 0x00007ffdd93d1000 	C:\WINDOWS\System32\bcryptPrimitives.dll
0x00007ffdd3510000 - 0x00007ffdd351a000 	C:\WINDOWS\SYSTEM32\VERSION.dll
0x00007ffddba80000 - 0x00007ffddbaae000 	C:\WINDOWS\System32\IMM32.DLL
0x00007ffdb6070000 - 0x00007ffdb611a000 	C:\Program Files\Java\jdk-12.0.2\bin\msvcp140.dll
0x00007ffd55230000 - 0x00007ffd55da7000 	C:\Program Files\Java\jdk-12.0.2\bin\server\jvm.dll
0x00007ffdda4f0000 - 0x00007ffdda4f8000 	C:\WINDOWS\System32\PSAPI.DLL
0x00007ffdbdef0000 - 0x00007ffdbdef9000 	C:\WINDOWS\SYSTEM32\WSOCK32.dll
0x00007ffdc8d10000 - 0x00007ffdc8d34000 	C:\WINDOWS\SYSTEM32\WINMM.dll
0x00007ffddb680000 - 0x00007ffddb6ef000 	C:\WINDOWS\System32\WS2_32.dll
0x00007ffdc8ce0000 - 0x00007ffdc8d0d000 	C:\WINDOWS\SYSTEM32\winmmbase.dll
0x00007ffdd9050000 - 0x00007ffdd909a000 	C:\WINDOWS\System32\cfgmgr32.dll
0x00007ffdd8b20000 - 0x00007ffdd8b31000 	C:\WINDOWS\System32\kernel.appcore.dll
0x00007ffdc02d0000 - 0x00007ffdc02e1000 	C:\Program Files\Java\jdk-12.0.2\bin\verify.dll
0x00007ffdd73b0000 - 0x00007ffdd75a4000 	C:\WINDOWS\SYSTEM32\DBGHELP.DLL
0x00007ffdca680000 - 0x00007ffdca6aa000 	C:\WINDOWS\SYSTEM32\dbgcore.DLL
0x00007ffdbefe0000 - 0x00007ffdbf006000 	C:\Program Files\Java\jdk-12.0.2\bin\java.dll
0x00007ffdbef10000 - 0x00007ffdbef1e000 	C:\Program Files\Java\jdk-12.0.2\bin\instrument.dll
0x00007ffdbef20000 - 0x00007ffdbef37000 	C:\Program Files\Java\jdk-12.0.2\bin\zip.dll
0x00007ffdc1860000 - 0x00007ffdc186a000 	C:\Program Files\Java\jdk-12.0.2\bin\jimage.dll
0x00007ffdda510000 - 0x00007ffddabf8000 	C:\WINDOWS\System32\SHELL32.dll
0x00007ffddb6f0000 - 0x00007ffddb797000 	C:\WINDOWS\System32\shcore.dll
0x00007ffdd9570000 - 0x00007ffdd9ceb000 	C:\WINDOWS\System32\windows.storage.dll
0x00007ffdd8b40000 - 0x00007ffdd8b5e000 	C:\WINDOWS\System32\profapi.dll
0x00007ffdd8b60000 - 0x00007ffdd8baa000 	C:\WINDOWS\System32\powrprof.dll
0x00007ffdd8af0000 - 0x00007ffdd8b00000 	C:\WINDOWS\System32\UMPDC.dll
0x00007ffddb0b0000 - 0x00007ffddb102000 	C:\WINDOWS\System32\shlwapi.dll
0x00007ffdd8e90000 - 0x00007ffdd8ea7000 	C:\WINDOWS\System32\cryptsp.dll
0x00007ffdbec70000 - 0x00007ffdbec89000 	C:\Program Files\Java\jdk-12.0.2\bin\net.dll
0x00007ffdc2290000 - 0x00007ffdc2467000 	C:\WINDOWS\SYSTEM32\urlmon.dll
0x00007ffdd3e50000 - 0x00007ffdd3f4a000 	C:\WINDOWS\SYSTEM32\WINHTTP.dll
0x00007ffdbe150000 - 0x00007ffdbe3f7000 	C:\WINDOWS\SYSTEM32\iertutil.dll
0x00007ffdd8490000 - 0x00007ffdd849c000 	C:\WINDOWS\SYSTEM32\CRYPTBASE.DLL
0x00007ffdd82f0000 - 0x00007ffdd8357000 	C:\WINDOWS\system32\mswsock.dll
0x00007ffdbcd00000 - 0x00007ffdbcd13000 	C:\Program Files\Java\jdk-12.0.2\bin\nio.dll
0x00007ffdbeef0000 - 0x00007ffdbef0a000 	D:\Chris\Prog\IntelliJ IDEA Community Edition 2020.3.2\bin\breakgen64.dll
0x00007ffdc1690000 - 0x00007ffdc1699000 	C:\Program Files\Java\jdk-12.0.2\bin\management.dll
0x00007ffdc0ba0000 - 0x00007ffdc0bac000 	C:\Program Files\Java\jdk-12.0.2\bin\management_ext.dll
0x00007ffdbd4d0000 - 0x00007ffdbd4e6000 	C:\WINDOWS\system32\napinsp.dll
0x00007ffdbcf80000 - 0x00007ffdbcf9a000 	C:\WINDOWS\system32\pnrpnsp.dll
0x00007ffdd7fe0000 - 0x00007ffdd80ab000 	C:\WINDOWS\SYSTEM32\DNSAPI.dll
0x00007ffddac00000 - 0x00007ffddac08000 	C:\WINDOWS\System32\NSI.dll
0x00007ffdd7fa0000 - 0x00007ffdd7fda000 	C:\WINDOWS\SYSTEM32\IPHLPAPI.DLL
0x00007ffdbcf70000 - 0x00007ffdbcf7e000 	C:\WINDOWS\System32\winrnr.dll
0x00007ffdd3ab0000 - 0x00007ffdd3acc000 	C:\WINDOWS\system32\NLAapi.dll
0x00007ffdbceb0000 - 0x00007ffdbcec5000 	C:\WINDOWS\system32\wshbth.dll
0x00007ffdd20f0000 - 0x00007ffdd20fa000 	C:\Windows\System32\rasadhlp.dll
0x00007ffdd5000000 - 0x00007ffdd5077000 	C:\WINDOWS\System32\fwpuclnt.dll
0x00007ffdd8bb0000 - 0x00007ffdd8bd6000 	C:\WINDOWS\System32\bcrypt.dll
0x00007ffdd7e10000 - 0x00007ffdd7e43000 	C:\WINDOWS\system32\rsaenh.dll
0x00007ffdd89d0000 - 0x00007ffdd89f5000 	C:\WINDOWS\SYSTEM32\USERENV.dll
0x00007ffdd5270000 - 0x00007ffdd5286000 	C:\WINDOWS\SYSTEM32\dhcpcsvc6.DLL
0x00007ffdd5250000 - 0x00007ffdd526c000 	C:\WINDOWS\SYSTEM32\dhcpcsvc.DLL

dbghelp: loaded successfully - version: 4.0.5 - missing functions: none
symbol engine: initialized successfully - sym options: 0x614 - pdb path: .;C:\Program Files\Java\jdk-12.0.2\bin;C:\WINDOWS\SYSTEM32;C:\WINDOWS\WinSxS\amd64_microsoft.windows.common-controls_6595b64144ccf1df_6.0.18362.1440_none_9e7dbfb9e45e8e67;C:\Program Files\Java\jdk-12.0.2\bin\server;D:\Chris\Prog\IntelliJ IDEA Community Edition 2020.3.2\bin

VM Arguments:
jvm_args: -javaagent:D:\Chris\Prog\IntelliJ IDEA Community Edition 2020.3.2\lib\idea_rt.jar=64750:D:\Chris\Prog\IntelliJ IDEA Community Edition 2020.3.2\bin -Dfile.encoding=UTF-8 
java_command: com.example.tstradeengine.TsTradeEngineApplication
java_class_path (initial): D:\Chris\Work\TLC\project\Repo\ts-trade-engine\target\classes;C:\Users\boy\.m2\repository\org\springframework\boot\spring-boot-starter-data-redis-reactive\2.4.3\spring-boot-starter-data-redis-reactive-2.4.3.jar;C:\Users\boy\.m2\repository\org\springframework\boot\spring-boot-starter-data-redis\2.4.3\spring-boot-starter-data-redis-2.4.3.jar;C:\Users\boy\.m2\repository\io\lettuce\lettuce-core\6.0.2.RELEASE\lettuce-core-6.0.2.RELEASE.jar;C:\Users\boy\.m2\repository\io\netty\netty-common\4.1.59.Final\netty-common-4.1.59.Final.jar;C:\Users\boy\.m2\repository\io\netty\netty-handler\4.1.59.Final\netty-handler-4.1.59.Final.jar;C:\Users\boy\.m2\repository\io\netty\netty-resolver\4.1.59.Final\netty-resolver-4.1.59.Final.jar;C:\Users\boy\.m2\repository\io\netty\netty-buffer\4.1.59.Final\netty-buffer-4.1.59.Final.jar;C:\Users\boy\.m2\repository\io\netty\netty-codec\4.1.59.Final\netty-codec-4.1.59.Final.jar;C:\Users\boy\.m2\repository\io\netty\netty-transport\4.1.59.Final\netty-transport-4.1.59.Final.jar;C:\Users\boy\.m2\repository\org\springframework\boot\spring-boot-starter-hateoas\2.4.3\spring-boot-starter-hateoas-2.4.3.jar;C:\Users\boy\.m2\repository\org\springframework\boot\spring-boot-starter-web\2.4.3\spring-boot-starter-web-2.4.3.jar;C:\Users\boy\.m2\repository\org\springframework\boot\spring-boot-starter-tomcat\2.4.3\spring-boot-starter-tomcat-2.4.3.jar;C:\Users\boy\.m2\repository\org\apache\tomcat\embed\tomcat-embed-core\9.0.43\tomcat-embed-core-9.0.43.jar;C:\Users\boy\.m2\repository\org\glassfish\jakarta.el\3.0.3\jakarta.el-3.0.3.jar;C:\Users\boy\.m2\repository\org\apache\tomcat\embed\tomcat-embed-websocket\9.0.43\tomcat-embed-websocket-9.0.43.jar;C:\Users\boy\.m2\repository\org\springframework\spring-webmvc\5.3.4\spring-webmvc-5.3.4.jar;C:\Users\boy\.m2\repository\org\springframework\spring-expression\5.3.4\spring-expression-5.3.4.jar;C:\Users\boy\.m2\repository\org\springframework\hateoas\spring-hateoas\1.2.4\spring-hateoas-1.2.4.jar;C:\
Launcher Type: SUN_STANDARD

[Global flags]
     intx CICompilerCount                          = 4                                         {product} {ergonomic}
     uint ConcGCThreads                            = 3                                         {product} {ergonomic}
     uint G1ConcRefinementThreads                  = 10                                        {product} {ergonomic}
   size_t G1HeapRegionSize                         = 1048576                                   {product} {ergonomic}
    uintx GCDrainStackTargetSize                   = 64                                        {product} {ergonomic}
   size_t InitialHeapSize                          = 268435456                                 {product} {ergonomic}
   size_t MarkStackSize                            = 4194304                                   {product} {ergonomic}
   size_t MaxHeapSize                              = 4273995776                                {product} {ergonomic}
   size_t MaxNewSize                               = 2563768320                                {product} {ergonomic}
   size_t MinHeapDeltaBytes                        = 1048576                                   {product} {ergonomic}
    uintx NonNMethodCodeHeapSize                   = 5836300                                {pd product} {ergonomic}
    uintx NonProfiledCodeHeapSize                  = 122910970                              {pd product} {ergonomic}
    uintx ProfiledCodeHeapSize                     = 122910970                              {pd product} {ergonomic}
    uintx ReservedCodeCacheSize                    = 251658240                              {pd product} {ergonomic}
     bool SegmentedCodeCache                       = true                                      {product} {ergonomic}
     bool UseCompressedClassPointers               = true                                 {lp64_product} {ergonomic}
     bool UseCompressedOops                        = true                                 {lp64_product} {ergonomic}
     bool UseG1GC                                  = true                                      {product} {ergonomic}
     bool UseLargePagesIndividualAllocation        = false                                  {pd product} {ergonomic}

Logging:
Log output configuration:
 #0: stdout all=warning uptime,level,tags
 #1: stderr all=off uptime,level,tags

Environment Variables:
JAVA_HOME=C:\Program Files\Java\jdk-12.0.2
PATH=C:\Program Files\Oracle\VirtualBox\;C:\Program Files (x86)\Common Files\Oracle\Java\javapath;C:\Program Files (x86)\Intel\Intel(R) Management Engine Components\iCLS\;C:\Program Files\Intel\Intel(R) Management Engine Components\iCLS\;C:\windows\system32;C:\windows;C:\windows\System32\Wbem;C:\windows\System32\WindowsPowerShell\v1.0\;C:\Program Files (x86)\Intel\Intel(R) Management Engine Components\DAL;C:\Program Files\Intel\Intel(R) Management Engine Components\DAL;C:\Program Files (x86)\Intel\Intel(R) Management Engine Components\IPT;C:\Program Files\Intel\Intel(R) Management Engine Components\IPT;C:\Program Files (x86)\NVIDIA Corporation\PhysX\Common;C:\WINDOWS\system32;C:\WINDOWS;C:\WINDOWS\System32\Wbem;C:\WINDOWS\System32\WindowsPowerShell\v1.0\;C:\WINDOWS\System32\OpenSSH\;C:\Program Files\NVIDIA Corporation\NVIDIA NvDLISR;C:\WINDOWS\system32;C:\WINDOWS;C:\WINDOWS\System32\Wbem;C:\WINDOWS\System32\WindowsPowerShell\v1.0\;C:\WINDOWS\System32\OpenSSH\;C:\ProgramData\Anaconda3;C:\ProgramData\Anaconda3\Scripts;C:\ProgramData\Anaconda3\Library\bin;C:\Program Files\Microsoft VS Code\bin;C:\Program Files\Intel\WiFi\bin\;C:\Program Files\Common Files\Intel\WirelessCommon\;D:\Chris\Prog\Odoo 12.0\python;D:\Chris\Prog\Amazon\AWSCLIV2\;D:\Chris\Prog\Amazon\AWSCLI\bin\;D:\Chris\Prog;C:\Program Files\dotnet\;C:\src\flutter\bin;C:\Users\bchri\AppData\Roaming\nvm;C:\Program Files\nodejs;C:\Program Files\Docker\Docker\resources\bin;C:\ProgramData\DockerDesktop\version-bin;C:\Program Files\Java\jdk-12.0.2\bin;C:\Users\boy\AppData\Local\Microsoft\WindowsApps;C:\Users\boy\AppData\Local\Programs\Git\cmd;C:\Users\boy\AppData\Local\Programs\Git\mingw32\bin;C:\Users\boy\AppData\Local\Programs\Git\usr\bin;C:\Users\boy\AppData\Local\Programs\Microsoft VS Code\bin;C:\src\flutter\bin;C:\Users\boy\AppData\Roaming\npm;D:\Chris\Odoo 12.0\python;C:\Users\boy\.dotnet\tools
USERNAME=boy
OS=Windows_NT
PROCESSOR_IDENTIFIER=Intel64 Family 6 Model 158 Stepping 10, GenuineIntel



---------------  S Y S T E M  ---------------

OS: Windows 10 , 64 bit Build 18362 (10.0.18362.1350)

CPU:total 12 (initial active 12) (6 cores per cpu, 2 threads per core) family 6 model 158 stepping 10, cmov, cx8, fxsr, mmx, sse, sse2, sse3, ssse3, sse4.1, sse4.2, popcnt, avx, avx2, aes, clmul, erms, 3dnowpref, lzcnt, ht, tsc, tscinvbit, bmi1, bmi2, adx, fma

Memory: 4k page, system-wide physical 16300M (904M free)
TotalPageFile size 42829M (AvailPageFile size 80M)
current process WorkingSet (physical memory assigned to process): 181M, peak: 264M
current process commit charge ("private bytes"): 229M, peak: 404M

vm_info: Java HotSpot(TM) 64-Bit Server VM (12.0.2+10) for windows-amd64 JRE (12.0.2+10), built on Jul 16 2019 01:56:17 by "mach5one" with MS VC++ 15.5 (VS2017)

END.
